<?xml version="1.0" encoding="UTF-8"?>
<!-- Generated by org.testng.reporters.JUnitReportReporter -->
<testsuite hostname="Sean-PC" failures="0" tests="1" name="testOptions.TestNGRunner" time="2.136" errors="0" timestamp="2023-10-09T18:26:25 PST" skipped="0">
  <testcase classname="testOptions.TestNGRunner" name="runScenario" time="2.136"/>
</testsuite> <!-- testOptions.TestNGRunner -->
