<?xml version="1.0" encoding="UTF-8"?>
<!-- Generated by org.testng.reporters.JUnitReportReporter -->
<testsuite hostname="Sean" failures="0" tests="1" name="testOptions.TestNGRunner" time="8.945" errors="0" timestamp="2024-06-22T19:54:01 PST" skipped="0">
  <testcase classname="testOptions.TestNGRunner" name="runScenario" time="8.945"/>
</testsuite> <!-- testOptions.TestNGRunner -->
